<?xml version="1.0" encoding="UTF-8"?>
<coverage generated="1709072789234" clover="3.2.0">
  <project timestamp="1709072789234" name="All files">
    <metrics statements="76" coveredstatements="76" conditionals="36" coveredconditionals="32" methods="29" coveredmethods="29" elements="141" coveredelements="137" complexity="0" loc="76" ncloc="76" packages="3" files="9" classes="9"/>
    <package name="simple-pubsub">
      <metrics statements="12" coveredstatements="12" conditionals="5" coveredconditionals="5" methods="6" coveredmethods="6"/>
      <file name="machine.ts" path="C:\Users\Vacha\Repository\taobin\simple-pubsub\machine.ts">
        <metrics statements="4" coveredstatements="4" conditionals="3" coveredconditionals="3" methods="1" coveredmethods="1"/>
        <line num="8" count="17" type="stmt"/>
        <line num="9" count="17" type="stmt"/>
        <line num="10" count="17" type="cond" truecount="2" falsecount="0"/>
        <line num="14" count="4" type="stmt"/>
      </file>
      <file name="manager.ts" path="C:\Users\Vacha\Repository\taobin\simple-pubsub\manager.ts">
        <metrics statements="8" coveredstatements="8" conditionals="2" coveredconditionals="2" methods="5" coveredmethods="5"/>
        <line num="8" count="15" type="stmt"/>
        <line num="15" count="19" type="stmt"/>
        <line num="16" count="18" type="stmt"/>
        <line num="21" count="18" type="cond" truecount="2" falsecount="0"/>
        <line num="22" count="1" type="stmt"/>
        <line num="27" count="1" type="stmt"/>
        <line num="32" count="6" type="stmt"/>
        <line num="36" count="4" type="stmt"/>
      </file>
    </package>
    <package name="simple-pubsub.events">
      <metrics statements="18" coveredstatements="18" conditionals="0" coveredconditionals="0" methods="14" coveredmethods="14"/>
      <file name="lowStockWarningEvent.ts" path="C:\Users\Vacha\Repository\taobin\simple-pubsub\events\lowStockWarningEvent.ts">
        <metrics statements="4" coveredstatements="4" conditionals="0" coveredconditionals="0" methods="3" coveredmethods="3"/>
        <line num="4" count="8" type="stmt"/>
        <line num="7" count="6" type="stmt"/>
        <line num="11" count="7" type="stmt"/>
        <line num="15" count="3" type="stmt"/>
      </file>
      <file name="machineRefillEvent.ts" path="C:\Users\Vacha\Repository\taobin\simple-pubsub\events\machineRefillEvent.ts">
        <metrics statements="5" coveredstatements="5" conditionals="0" coveredconditionals="0" methods="4" coveredmethods="4"/>
        <line num="4" count="7" type="stmt"/>
        <line num="7" count="9" type="stmt"/>
        <line num="11" count="8" type="stmt"/>
        <line num="15" count="8" type="stmt"/>
        <line num="19" count="2" type="stmt"/>
      </file>
      <file name="machineSaleEvent.ts" path="C:\Users\Vacha\Repository\taobin\simple-pubsub\events\machineSaleEvent.ts">
        <metrics statements="5" coveredstatements="5" conditionals="0" coveredconditionals="0" methods="4" coveredmethods="4"/>
        <line num="4" count="5" type="stmt"/>
        <line num="7" count="8" type="stmt"/>
        <line num="11" count="10" type="stmt"/>
        <line num="15" count="4" type="stmt"/>
        <line num="19" count="1" type="stmt"/>
      </file>
      <file name="stockLevelOkEvent.ts" path="C:\Users\Vacha\Repository\taobin\simple-pubsub\events\stockLevelOkEvent.ts">
        <metrics statements="4" coveredstatements="4" conditionals="0" coveredconditionals="0" methods="3" coveredmethods="3"/>
        <line num="4" count="5" type="stmt"/>
        <line num="7" count="2" type="stmt"/>
        <line num="11" count="4" type="stmt"/>
        <line num="15" count="2" type="stmt"/>
      </file>
    </package>
    <package name="simple-pubsub.subscribers">
      <metrics statements="46" coveredstatements="46" conditionals="31" coveredconditionals="27" methods="9" coveredmethods="9"/>
      <file name="machineRefillSubscriber.ts" path="C:\Users\Vacha\Repository\taobin\simple-pubsub\subscribers\machineRefillSubscriber.ts">
        <metrics statements="13" coveredstatements="13" conditionals="9" coveredconditionals="8" methods="3" coveredmethods="3"/>
        <line num="2" count="2" type="stmt"/>
        <line num="11" count="5" type="stmt"/>
        <line num="12" count="5" type="stmt"/>
        <line num="15" count="10" type="stmt"/>
        <line num="18" count="7" type="cond" truecount="1" falsecount="0"/>
        <line num="20" count="4" type="stmt"/>
        <line num="21" count="5" type="cond" truecount="1" falsecount="0"/>
        <line num="22" count="4" type="stmt"/>
        <line num="24" count="4" type="stmt"/>
        <line num="25" count="4" type="stmt"/>
        <line num="26" count="4" type="stmt"/>
        <line num="28" count="4" type="cond" truecount="6" falsecount="1"/>
        <line num="34" count="2" type="stmt"/>
      </file>
      <file name="machineSaleSubscriber.ts" path="C:\Users\Vacha\Repository\taobin\simple-pubsub\subscribers\machineSaleSubscriber.ts">
        <metrics statements="17" coveredstatements="17" conditionals="14" coveredconditionals="12" methods="3" coveredmethods="3"/>
        <line num="1" count="2" type="stmt"/>
        <line num="11" count="10" type="stmt"/>
        <line num="12" count="10" type="stmt"/>
        <line num="15" count="23" type="stmt"/>
        <line num="18" count="6" type="cond" truecount="1" falsecount="0"/>
        <line num="20" count="4" type="stmt"/>
        <line num="22" count="5" type="cond" truecount="1" falsecount="0"/>
        <line num="23" count="4" type="cond" truecount="1" falsecount="0"/>
        <line num="24" count="1" type="stmt"/>
        <line num="25" count="1" type="cond" truecount="3" falsecount="1"/>
        <line num="26" count="1" type="stmt"/>
        <line num="29" count="3" type="stmt"/>
        <line num="31" count="3" type="stmt"/>
        <line num="32" count="3" type="stmt"/>
        <line num="33" count="3" type="stmt"/>
        <line num="35" count="3" type="cond" truecount="6" falsecount="1"/>
        <line num="41" count="2" type="stmt"/>
      </file>
      <file name="machineStockWarningSubscriber.ts" path="C:\Users\Vacha\Repository\taobin\simple-pubsub\subscribers\machineStockWarningSubscriber.ts">
        <metrics statements="16" coveredstatements="16" conditionals="8" coveredconditionals="7" methods="3" coveredmethods="3"/>
        <line num="2" count="1" type="stmt"/>
        <line num="12" count="3" type="stmt"/>
        <line num="13" count="3" type="stmt"/>
        <line num="16" count="6" type="stmt"/>
        <line num="19" count="5" type="cond" truecount="1" falsecount="0"/>
        <line num="20" count="2" type="stmt"/>
        <line num="21" count="2" type="cond" truecount="1" falsecount="0"/>
        <line num="22" count="2" type="stmt"/>
        <line num="24" count="2" type="stmt"/>
        <line num="27" count="2" type="cond" truecount="3" falsecount="1"/>
        <line num="32" count="5" type="cond" truecount="1" falsecount="0"/>
        <line num="33" count="1" type="stmt"/>
        <line num="34" count="1" type="cond" truecount="1" falsecount="0"/>
        <line num="35" count="1" type="stmt"/>
        <line num="37" count="1" type="stmt"/>
        <line num="44" count="1" type="stmt"/>
      </file>
    </package>
  </project>
</coverage>
