<?xml version="1.0" encoding="UTF-8"?>
<coverage generated="1709059649041" clover="3.2.0">
  <project timestamp="1709059649041" name="All files">
    <metrics statements="65" coveredstatements="65" conditionals="29" coveredconditionals="26" methods="26" coveredmethods="26" elements="120" coveredelements="117" complexity="0" loc="65" ncloc="65" packages="3" files="9" classes="9"/>
    <package name="simple-pubsub">
      <metrics statements="11" coveredstatements="11" conditionals="3" coveredconditionals="3" methods="6" coveredmethods="6"/>
      <file name="machine.ts" path="C:\Users\Vacha\Repository\taobin\simple-pubsub\machine.ts">
        <metrics statements="4" coveredstatements="4" conditionals="3" coveredconditionals="3" methods="1" coveredmethods="1"/>
        <line num="8" count="16" type="stmt"/>
        <line num="9" count="16" type="stmt"/>
        <line num="10" count="16" type="cond" truecount="2" falsecount="0"/>
        <line num="14" count="4" type="stmt"/>
      </file>
      <file name="manager.ts" path="C:\Users\Vacha\Repository\taobin\simple-pubsub\manager.ts">
        <metrics statements="7" coveredstatements="7" conditionals="0" coveredconditionals="0" methods="5" coveredmethods="5"/>
        <line num="8" count="13" type="stmt"/>
        <line num="15" count="17" type="stmt"/>
        <line num="16" count="16" type="stmt"/>
        <line num="21" count="14" type="stmt"/>
        <line num="26" count="1" type="stmt"/>
        <line num="31" count="4" type="stmt"/>
        <line num="35" count="4" type="stmt"/>
      </file>
    </package>
    <package name="simple-pubsub.events">
      <metrics statements="18" coveredstatements="18" conditionals="0" coveredconditionals="0" methods="14" coveredmethods="14"/>
      <file name="lowStockWarningEvent.ts" path="C:\Users\Vacha\Repository\taobin\simple-pubsub\events\lowStockWarningEvent.ts">
        <metrics statements="4" coveredstatements="4" conditionals="0" coveredconditionals="0" methods="3" coveredmethods="3"/>
        <line num="4" count="6" type="stmt"/>
        <line num="7" count="6" type="stmt"/>
        <line num="11" count="6" type="stmt"/>
        <line num="15" count="3" type="stmt"/>
      </file>
      <file name="machineRefillEvent.ts" path="C:\Users\Vacha\Repository\taobin\simple-pubsub\events\machineRefillEvent.ts">
        <metrics statements="5" coveredstatements="5" conditionals="0" coveredconditionals="0" methods="4" coveredmethods="4"/>
        <line num="4" count="7" type="stmt"/>
        <line num="7" count="9" type="stmt"/>
        <line num="11" count="8" type="stmt"/>
        <line num="15" count="8" type="stmt"/>
        <line num="19" count="2" type="stmt"/>
      </file>
      <file name="machineSaleEvent.ts" path="C:\Users\Vacha\Repository\taobin\simple-pubsub\events\machineSaleEvent.ts">
        <metrics statements="5" coveredstatements="5" conditionals="0" coveredconditionals="0" methods="4" coveredmethods="4"/>
        <line num="4" count="4" type="stmt"/>
        <line num="7" count="7" type="stmt"/>
        <line num="11" count="6" type="stmt"/>
        <line num="15" count="3" type="stmt"/>
        <line num="19" count="1" type="stmt"/>
      </file>
      <file name="stockLevelOkEvent.ts" path="C:\Users\Vacha\Repository\taobin\simple-pubsub\events\stockLevelOkEvent.ts">
        <metrics statements="4" coveredstatements="4" conditionals="0" coveredconditionals="0" methods="3" coveredmethods="3"/>
        <line num="4" count="5" type="stmt"/>
        <line num="7" count="2" type="stmt"/>
        <line num="11" count="4" type="stmt"/>
        <line num="15" count="2" type="stmt"/>
      </file>
    </package>
    <package name="simple-pubsub.subscribers">
      <metrics statements="36" coveredstatements="36" conditionals="26" coveredconditionals="23" methods="6" coveredmethods="6"/>
      <file name="machineRefillSubscriber.ts" path="C:\Users\Vacha\Repository\taobin\simple-pubsub\subscribers\machineRefillSubscriber.ts">
        <metrics statements="11" coveredstatements="11" conditionals="9" coveredconditionals="8" methods="2" coveredmethods="2"/>
        <line num="2" count="2" type="stmt"/>
        <line num="10" count="5" type="stmt"/>
        <line num="14" count="7" type="cond" truecount="1" falsecount="0"/>
        <line num="16" count="4" type="stmt"/>
        <line num="17" count="5" type="cond" truecount="1" falsecount="0"/>
        <line num="18" count="4" type="stmt"/>
        <line num="20" count="4" type="stmt"/>
        <line num="21" count="4" type="stmt"/>
        <line num="22" count="4" type="stmt"/>
        <line num="24" count="4" type="cond" truecount="6" falsecount="1"/>
        <line num="30" count="2" type="stmt"/>
      </file>
      <file name="machineSaleSubscriber.ts" path="C:\Users\Vacha\Repository\taobin\simple-pubsub\subscribers\machineSaleSubscriber.ts">
        <metrics statements="11" coveredstatements="11" conditionals="9" coveredconditionals="8" methods="2" coveredmethods="2"/>
        <line num="1" count="2" type="stmt"/>
        <line num="10" count="5" type="stmt"/>
        <line num="14" count="4" type="cond" truecount="1" falsecount="0"/>
        <line num="16" count="3" type="stmt"/>
        <line num="17" count="4" type="cond" truecount="1" falsecount="0"/>
        <line num="18" count="3" type="stmt"/>
        <line num="20" count="3" type="stmt"/>
        <line num="21" count="3" type="stmt"/>
        <line num="22" count="3" type="stmt"/>
        <line num="24" count="3" type="cond" truecount="6" falsecount="1"/>
        <line num="30" count="2" type="stmt"/>
      </file>
      <file name="machineStockWarningSubscriber.ts" path="C:\Users\Vacha\Repository\taobin\simple-pubsub\subscribers\machineStockWarningSubscriber.ts">
        <metrics statements="14" coveredstatements="14" conditionals="8" coveredconditionals="7" methods="2" coveredmethods="2"/>
        <line num="2" count="1" type="stmt"/>
        <line num="11" count="3" type="stmt"/>
        <line num="15" count="5" type="cond" truecount="1" falsecount="0"/>
        <line num="16" count="2" type="stmt"/>
        <line num="17" count="2" type="cond" truecount="1" falsecount="0"/>
        <line num="18" count="2" type="stmt"/>
        <line num="20" count="2" type="stmt"/>
        <line num="23" count="2" type="cond" truecount="3" falsecount="1"/>
        <line num="28" count="5" type="cond" truecount="1" falsecount="0"/>
        <line num="29" count="1" type="stmt"/>
        <line num="30" count="1" type="cond" truecount="1" falsecount="0"/>
        <line num="31" count="1" type="stmt"/>
        <line num="33" count="1" type="stmt"/>
        <line num="40" count="1" type="stmt"/>
      </file>
    </package>
  </project>
</coverage>
