{"C:\\Users\\Vacha\\Repository\\taobin\\simple-pubsub\\machine.ts": {"path":"C:\\Users\\Vacha\\Repository\\taobin\\simple-pubsub\\machine.ts","statementMap":{"0":{"start":{"line":8,"column":8},"end":{"line":8,"column":21}},"1":{"start":{"line":9,"column":8},"end":{"line":9,"column":37}},"2":{"start":{"line":10,"column":8},"end":{"line":10,"column":null}},"3":{"start":{"line":14,"column":8},"end":{"line":14,"column":15}}},"fnMap":{"0":{"name":"(anonymous_0)","decl":{"start":{"line":7,"column":4},"end":{"line":7,"column":17}},"loc":{"start":{"line":7,"column":70},"end":{"line":11,"column":5}}}},"branchMap":{"0":{"loc":{"start":{"line":7,"column":29},"end":{"line":7,"column":52}},"type":"default-arg","locations":[{"start":{"line":7,"column":50},"end":{"line":7,"column":52}}]},"1":{"loc":{"start":{"line":10,"column":31},"end":{"line":10,"column":88}},"type":"cond-expr","locations":[{"start":{"line":10,"column":60},"end":{"line":10,"column":66}},{"start":{"line":10,"column":69},"end":{"line":10,"column":88}}]}},"s":{"0":16,"1":16,"2":16,"3":4},"f":{"0":16},"b":{"0":[10],"1":[2,14]}}
,"C:\\Users\\Vacha\\Repository\\taobin\\simple-pubsub\\manager.ts": {"path":"C:\\Users\\Vacha\\Repository\\taobin\\simple-pubsub\\manager.ts","statementMap":{"0":{"start":{"line":8,"column":6},"end":{"line":8,"column":null}},"1":{"start":{"line":15,"column":6},"end":{"line":17,"column":7}},"2":{"start":{"line":16,"column":8},"end":{"line":16,"column":null}},"3":{"start":{"line":21,"column":6},"end":{"line":21,"column":null}},"4":{"start":{"line":26,"column":6},"end":{"line":26,"column":null}},"5":{"start":{"line":31,"column":6},"end":{"line":31,"column":null}},"6":{"start":{"line":35,"column":8},"end":{"line":35,"column":21}}},"fnMap":{"0":{"name":"(anonymous_0)","decl":{"start":{"line":7,"column":4},"end":{"line":7,"column":null}},"loc":{"start":{"line":7,"column":4},"end":{"line":10,"column":5}}},"1":{"name":"(anonymous_1)","decl":{"start":{"line":12,"column":11},"end":{"line":12,"column":18}},"loc":{"start":{"line":12,"column":32},"end":{"line":18,"column":5}}},"2":{"name":"(anonymous_2)","decl":{"start":{"line":20,"column":4},"end":{"line":20,"column":13}},"loc":{"start":{"line":20,"column":34},"end":{"line":23,"column":5}}},"3":{"name":"(anonymous_3)","decl":{"start":{"line":25,"column":4},"end":{"line":25,"column":15}},"loc":{"start":{"line":25,"column":36},"end":{"line":28,"column":5}}},"4":{"name":"(anonymous_4)","decl":{"start":{"line":30,"column":4},"end":{"line":30,"column":21}},"loc":{"start":{"line":30,"column":21},"end":{"line":32,"column":5}}}},"branchMap":{},"s":{"0":13,"1":17,"2":16,"3":14,"4":1,"5":4,"6":4},"f":{"0":13,"1":17,"2":14,"3":1,"4":4},"b":{}}
,"C:\\Users\\Vacha\\Repository\\taobin\\simple-pubsub\\events\\lowStockWarningEvent.ts": {"path":"C:\\Users\\Vacha\\Repository\\taobin\\simple-pubsub\\events\\lowStockWarningEvent.ts","statementMap":{"0":{"start":{"line":4,"column":33},"end":{"line":4,"column":51}},"1":{"start":{"line":7,"column":6},"end":{"line":7,"column":null}},"2":{"start":{"line":11,"column":6},"end":{"line":11,"column":null}},"3":{"start":{"line":15,"column":8},"end":{"line":15,"column":28}}},"fnMap":{"0":{"name":"(anonymous_0)","decl":{"start":{"line":4,"column":4},"end":{"line":4,"column":33}},"loc":{"start":{"line":4,"column":51},"end":{"line":4,"column":55}}},"1":{"name":"(anonymous_1)","decl":{"start":{"line":6,"column":4},"end":{"line":6,"column":13}},"loc":{"start":{"line":6,"column":13},"end":{"line":8,"column":5}}},"2":{"name":"(anonymous_2)","decl":{"start":{"line":10,"column":4},"end":{"line":10,"column":8}},"loc":{"start":{"line":10,"column":8},"end":{"line":12,"column":5}}}},"branchMap":{},"s":{"0":6,"1":6,"2":6,"3":3},"f":{"0":6,"1":6,"2":6},"b":{}}
,"C:\\Users\\Vacha\\Repository\\taobin\\simple-pubsub\\events\\machineRefillEvent.ts": {"path":"C:\\Users\\Vacha\\Repository\\taobin\\simple-pubsub\\events\\machineRefillEvent.ts","statementMap":{"0":{"start":{"line":4,"column":33},"end":{"line":4,"column":48}},"1":{"start":{"line":4,"column":67},"end":{"line":4,"column":85}},"2":{"start":{"line":7,"column":6},"end":{"line":7,"column":29}},"3":{"start":{"line":11,"column":6},"end":{"line":11,"column":null}},"4":{"start":{"line":15,"column":6},"end":{"line":15,"column":22}},"5":{"start":{"line":19,"column":8},"end":{"line":19,"column":26}}},"fnMap":{"0":{"name":"(anonymous_0)","decl":{"start":{"line":4,"column":4},"end":{"line":4,"column":33}},"loc":{"start":{"line":4,"column":85},"end":{"line":4,"column":89}}},"1":{"name":"(anonymous_1)","decl":{"start":{"line":6,"column":4},"end":{"line":6,"column":13}},"loc":{"start":{"line":6,"column":13},"end":{"line":8,"column":5}}},"2":{"name":"(anonymous_2)","decl":{"start":{"line":10,"column":4},"end":{"line":10,"column":21}},"loc":{"start":{"line":10,"column":21},"end":{"line":12,"column":5}}},"3":{"name":"(anonymous_3)","decl":{"start":{"line":14,"column":4},"end":{"line":14,"column":8}},"loc":{"start":{"line":14,"column":8},"end":{"line":16,"column":5}}}},"branchMap":{},"s":{"0":7,"1":7,"2":9,"3":8,"4":8,"5":2},"f":{"0":7,"1":9,"2":8,"3":8},"b":{}}
,"C:\\Users\\Vacha\\Repository\\taobin\\simple-pubsub\\events\\machineSaleEvent.ts": {"path":"C:\\Users\\Vacha\\Repository\\taobin\\simple-pubsub\\events\\machineSaleEvent.ts","statementMap":{"0":{"start":{"line":4,"column":33},"end":{"line":4,"column":46}},"1":{"start":{"line":4,"column":65},"end":{"line":4,"column":83}},"2":{"start":{"line":7,"column":6},"end":{"line":7,"column":29}},"3":{"start":{"line":11,"column":6},"end":{"line":11,"column":null}},"4":{"start":{"line":15,"column":6},"end":{"line":15,"column":20}},"5":{"start":{"line":19,"column":8},"end":{"line":19,"column":24}}},"fnMap":{"0":{"name":"(anonymous_0)","decl":{"start":{"line":4,"column":4},"end":{"line":4,"column":33}},"loc":{"start":{"line":4,"column":83},"end":{"line":4,"column":87}}},"1":{"name":"(anonymous_1)","decl":{"start":{"line":6,"column":4},"end":{"line":6,"column":13}},"loc":{"start":{"line":6,"column":13},"end":{"line":8,"column":5}}},"2":{"name":"(anonymous_2)","decl":{"start":{"line":10,"column":4},"end":{"line":10,"column":19}},"loc":{"start":{"line":10,"column":19},"end":{"line":12,"column":5}}},"3":{"name":"(anonymous_3)","decl":{"start":{"line":14,"column":4},"end":{"line":14,"column":8}},"loc":{"start":{"line":14,"column":8},"end":{"line":16,"column":5}}}},"branchMap":{},"s":{"0":4,"1":4,"2":7,"3":6,"4":3,"5":1},"f":{"0":4,"1":7,"2":6,"3":3},"b":{}}
,"C:\\Users\\Vacha\\Repository\\taobin\\simple-pubsub\\events\\stockLevelOkEvent.ts": {"path":"C:\\Users\\Vacha\\Repository\\taobin\\simple-pubsub\\events\\stockLevelOkEvent.ts","statementMap":{"0":{"start":{"line":4,"column":33},"end":{"line":4,"column":51}},"1":{"start":{"line":7,"column":6},"end":{"line":7,"column":null}},"2":{"start":{"line":11,"column":6},"end":{"line":11,"column":null}},"3":{"start":{"line":15,"column":8},"end":{"line":15,"column":25}}},"fnMap":{"0":{"name":"(anonymous_0)","decl":{"start":{"line":4,"column":4},"end":{"line":4,"column":33}},"loc":{"start":{"line":4,"column":51},"end":{"line":4,"column":55}}},"1":{"name":"(anonymous_1)","decl":{"start":{"line":6,"column":4},"end":{"line":6,"column":13}},"loc":{"start":{"line":6,"column":13},"end":{"line":8,"column":5}}},"2":{"name":"(anonymous_2)","decl":{"start":{"line":10,"column":4},"end":{"line":10,"column":8}},"loc":{"start":{"line":10,"column":8},"end":{"line":12,"column":5}}}},"branchMap":{},"s":{"0":5,"1":2,"2":4,"3":2},"f":{"0":5,"1":2,"2":4},"b":{}}
,"C:\\Users\\Vacha\\Repository\\taobin\\simple-pubsub\\subscribers\\machineRefillSubscriber.ts": {"path":"C:\\Users\\Vacha\\Repository\\taobin\\simple-pubsub\\subscribers\\machineRefillSubscriber.ts","statementMap":{"0":{"start":{"line":2,"column":0},"end":{"line":2,"column":64}},"1":{"start":{"line":10,"column":6},"end":{"line":10,"column":null}},"2":{"start":{"line":14,"column":8},"end":{"line":14,"column":44}},"3":{"start":{"line":14,"column":38},"end":{"line":14,"column":44}},"4":{"start":{"line":16,"column":8},"end":{"line":26,"column":9}},"5":{"start":{"line":17,"column":12},"end":{"line":25,"column":13}},"6":{"start":{"line":18,"column":33},"end":{"line":18,"column":45}},"7":{"start":{"line":20,"column":12},"end":{"line":20,"column":54}},"8":{"start":{"line":21,"column":12},"end":{"line":21,"column":null}},"9":{"start":{"line":22,"column":12},"end":{"line":22,"column":null}},"10":{"start":{"line":24,"column":12},"end":{"line":24,"column":null}},"11":{"start":{"line":24,"column":54},"end":{"line":24,"column":null}},"12":{"start":{"line":30,"column":8},"end":{"line":30,"column":31}}},"fnMap":{"0":{"name":"(anonymous_0)","decl":{"start":{"line":9,"column":4},"end":{"line":9,"column":17}},"loc":{"start":{"line":9,"column":36},"end":{"line":11,"column":5}}},"1":{"name":"(anonymous_1)","decl":{"start":{"line":13,"column":8},"end":{"line":13,"column":14}},"loc":{"start":{"line":13,"column":75},"end":{"line":27,"column":5}}}},"branchMap":{"0":{"loc":{"start":{"line":14,"column":8},"end":{"line":14,"column":44}},"type":"if","locations":[{"start":{"line":14,"column":8},"end":{"line":14,"column":44}}]},"1":{"loc":{"start":{"line":17,"column":12},"end":{"line":25,"column":13}},"type":"if","locations":[{"start":{"line":17,"column":12},"end":{"line":25,"column":13}}]},"2":{"loc":{"start":{"line":24,"column":12},"end":{"line":24,"column":null}},"type":"if","locations":[{"start":{"line":24,"column":12},"end":{"line":24,"column":null}}]},"3":{"loc":{"start":{"line":24,"column":15},"end":{"line":24,"column":52}},"type":"binary-expr","locations":[{"start":{"line":24,"column":15},"end":{"line":24,"column":31}},{"start":{"line":24,"column":35},"end":{"line":24,"column":52}}]},"4":{"loc":{"start":{"line":24,"column":54},"end":{"line":24,"column":98}},"type":"cond-expr","locations":[{"start":{"line":24,"column":60},"end":{"line":24,"column":62}},{"start":{"line":24,"column":54},"end":{"line":24,"column":98}}]},"5":{"loc":{"start":{"line":24,"column":54},"end":{"line":24,"column":62}},"type":"binary-expr","locations":[{"start":{"line":24,"column":54},"end":{"line":24,"column":62}},{"start":{"line":24,"column":54},"end":{"line":24,"column":62}}]}},"s":{"0":2,"1":5,"2":7,"3":3,"4":4,"5":5,"6":4,"7":4,"8":4,"9":4,"10":4,"11":2,"12":2},"f":{"0":5,"1":7},"b":{"0":[3],"1":[4],"2":[2],"3":[4,2],"4":[0,2],"5":[2,2]}}
,"C:\\Users\\Vacha\\Repository\\taobin\\simple-pubsub\\subscribers\\machineSaleSubscriber.ts": {"path":"C:\\Users\\Vacha\\Repository\\taobin\\simple-pubsub\\subscribers\\machineSaleSubscriber.ts","statementMap":{"0":{"start":{"line":1,"column":0},"end":{"line":1,"column":70}},"1":{"start":{"line":10,"column":6},"end":{"line":10,"column":31}},"2":{"start":{"line":14,"column":8},"end":{"line":14,"column":42}},"3":{"start":{"line":14,"column":36},"end":{"line":14,"column":42}},"4":{"start":{"line":16,"column":8},"end":{"line":26,"column":9}},"5":{"start":{"line":17,"column":12},"end":{"line":25,"column":13}},"6":{"start":{"line":18,"column":32},"end":{"line":18,"column":44}},"7":{"start":{"line":20,"column":16},"end":{"line":20,"column":56}},"8":{"start":{"line":21,"column":16},"end":{"line":21,"column":null}},"9":{"start":{"line":22,"column":16},"end":{"line":22,"column":null}},"10":{"start":{"line":24,"column":16},"end":{"line":24,"column":null}},"11":{"start":{"line":24,"column":53},"end":{"line":24,"column":null}},"12":{"start":{"line":30,"column":8},"end":{"line":30,"column":29}}},"fnMap":{"0":{"name":"(anonymous_0)","decl":{"start":{"line":9,"column":4},"end":{"line":9,"column":17}},"loc":{"start":{"line":9,"column":36},"end":{"line":11,"column":5}}},"1":{"name":"(anonymous_1)","decl":{"start":{"line":13,"column":4},"end":{"line":13,"column":10}},"loc":{"start":{"line":13,"column":69},"end":{"line":27,"column":5}}}},"branchMap":{"0":{"loc":{"start":{"line":14,"column":8},"end":{"line":14,"column":42}},"type":"if","locations":[{"start":{"line":14,"column":8},"end":{"line":14,"column":42}}]},"1":{"loc":{"start":{"line":17,"column":12},"end":{"line":25,"column":13}},"type":"if","locations":[{"start":{"line":17,"column":12},"end":{"line":25,"column":13}}]},"2":{"loc":{"start":{"line":24,"column":16},"end":{"line":24,"column":null}},"type":"if","locations":[{"start":{"line":24,"column":16},"end":{"line":24,"column":null}}]},"3":{"loc":{"start":{"line":24,"column":19},"end":{"line":24,"column":51}},"type":"binary-expr","locations":[{"start":{"line":24,"column":19},"end":{"line":24,"column":31}},{"start":{"line":24,"column":35},"end":{"line":24,"column":51}}]},"4":{"loc":{"start":{"line":24,"column":53},"end":{"line":24,"column":100}},"type":"cond-expr","locations":[{"start":{"line":24,"column":59},"end":{"line":24,"column":61}},{"start":{"line":24,"column":53},"end":{"line":24,"column":100}}]},"5":{"loc":{"start":{"line":24,"column":53},"end":{"line":24,"column":61}},"type":"binary-expr","locations":[{"start":{"line":24,"column":53},"end":{"line":24,"column":61}},{"start":{"line":24,"column":53},"end":{"line":24,"column":61}}]}},"s":{"0":2,"1":5,"2":4,"3":1,"4":3,"5":4,"6":3,"7":3,"8":3,"9":3,"10":3,"11":1,"12":2},"f":{"0":5,"1":4},"b":{"0":[1],"1":[3],"2":[1],"3":[3,2],"4":[0,1],"5":[1,1]}}
,"C:\\Users\\Vacha\\Repository\\taobin\\simple-pubsub\\subscribers\\machineStockWarningSubscriber.ts": {"path":"C:\\Users\\Vacha\\Repository\\taobin\\simple-pubsub\\subscribers\\machineStockWarningSubscriber.ts","statementMap":{"0":{"start":{"line":2,"column":0},"end":{"line":2,"column":65}},"1":{"start":{"line":11,"column":6},"end":{"line":11,"column":null}},"2":{"start":{"line":15,"column":8},"end":{"line":26,"column":9}},"3":{"start":{"line":16,"column":10},"end":{"line":25,"column":11}},"4":{"start":{"line":17,"column":12},"end":{"line":24,"column":13}},"5":{"start":{"line":18,"column":14},"end":{"line":18,"column":39}},"6":{"start":{"line":20,"column":14},"end":{"line":20,"column":null}},"7":{"start":{"line":23,"column":14},"end":{"line":23,"column":null}},"8":{"start":{"line":28,"column":8},"end":{"line":36,"column":9}},"9":{"start":{"line":29,"column":10},"end":{"line":35,"column":11}},"10":{"start":{"line":30,"column":12},"end":{"line":34,"column":13}},"11":{"start":{"line":31,"column":14},"end":{"line":31,"column":40}},"12":{"start":{"line":33,"column":14},"end":{"line":33,"column":null}},"13":{"start":{"line":40,"column":8},"end":{"line":40,"column":37}}},"fnMap":{"0":{"name":"(anonymous_0)","decl":{"start":{"line":10,"column":4},"end":{"line":10,"column":16}},"loc":{"start":{"line":10,"column":35},"end":{"line":12,"column":5}}},"1":{"name":"(anonymous_1)","decl":{"start":{"line":14,"column":4},"end":{"line":14,"column":10}},"loc":{"start":{"line":14,"column":93},"end":{"line":37,"column":5}}}},"branchMap":{"0":{"loc":{"start":{"line":15,"column":8},"end":{"line":26,"column":9}},"type":"if","locations":[{"start":{"line":15,"column":8},"end":{"line":26,"column":9}}]},"1":{"loc":{"start":{"line":17,"column":12},"end":{"line":24,"column":13}},"type":"if","locations":[{"start":{"line":17,"column":12},"end":{"line":24,"column":13}}]},"2":{"loc":{"start":{"line":23,"column":14},"end":{"line":23,"column":75}},"type":"cond-expr","locations":[{"start":{"line":23,"column":20},"end":{"line":23,"column":22}},{"start":{"line":23,"column":14},"end":{"line":23,"column":75}}]},"3":{"loc":{"start":{"line":23,"column":14},"end":{"line":23,"column":22}},"type":"binary-expr","locations":[{"start":{"line":23,"column":14},"end":{"line":23,"column":22}},{"start":{"line":23,"column":14},"end":{"line":23,"column":22}}]},"4":{"loc":{"start":{"line":28,"column":8},"end":{"line":36,"column":9}},"type":"if","locations":[{"start":{"line":28,"column":8},"end":{"line":36,"column":9}}]},"5":{"loc":{"start":{"line":30,"column":12},"end":{"line":34,"column":13}},"type":"if","locations":[{"start":{"line":30,"column":12},"end":{"line":34,"column":13}}]}},"s":{"0":1,"1":3,"2":5,"3":2,"4":2,"5":2,"6":2,"7":2,"8":5,"9":1,"10":1,"11":1,"12":1,"13":1},"f":{"0":3,"1":5},"b":{"0":[2],"1":[2],"2":[0,2],"3":[2,2],"4":[1],"5":[1]}}
}
