TN:
SF:machine.ts
FN:7,(anonymous_0)
FNF:1
FNH:1
FNDA:17,(anonymous_0)
DA:8,17
DA:9,17
DA:10,17
DA:14,4
LF:4
LH:4
BRDA:7,0,0,10
BRDA:10,1,0,2
BRDA:10,1,1,15
BRF:3
BRH:3
end_of_record
TN:
SF:manager.ts
FN:7,(anonymous_0)
FN:12,(anonymous_1)
FN:20,(anonymous_2)
FN:26,(anonymous_3)
FN:31,(anonymous_4)
FNF:5
FNH:5
FNDA:15,(anonymous_0)
FNDA:19,(anonymous_1)
FNDA:18,(anonymous_2)
FNDA:1,(anonymous_3)
FNDA:6,(anonymous_4)
DA:8,15
DA:15,19
DA:16,18
DA:21,18
DA:22,1
DA:27,1
DA:32,6
DA:36,4
LF:8
LH:8
BRDA:21,0,0,17
BRDA:21,0,1,1
BRF:2
BRH:2
end_of_record
TN:
SF:events\lowStockWarningEvent.ts
FN:4,(anonymous_0)
FN:6,(anonymous_1)
FN:10,(anonymous_2)
FNF:3
FNH:3
FNDA:8,(anonymous_0)
FNDA:6,(anonymous_1)
FNDA:7,(anonymous_2)
DA:4,8
DA:7,6
DA:11,7
DA:15,3
LF:4
LH:4
BRF:0
BRH:0
end_of_record
TN:
SF:events\machineRefillEvent.ts
FN:4,(anonymous_0)
FN:6,(anonymous_1)
FN:10,(anonymous_2)
FN:14,(anonymous_3)
FNF:4
FNH:4
FNDA:7,(anonymous_0)
FNDA:9,(anonymous_1)
FNDA:8,(anonymous_2)
FNDA:8,(anonymous_3)
DA:4,7
DA:7,9
DA:11,8
DA:15,8
DA:19,2
LF:5
LH:5
BRF:0
BRH:0
end_of_record
TN:
SF:events\machineSaleEvent.ts
FN:4,(anonymous_0)
FN:6,(anonymous_1)
FN:10,(anonymous_2)
FN:14,(anonymous_3)
FNF:4
FNH:4
FNDA:5,(anonymous_0)
FNDA:8,(anonymous_1)
FNDA:10,(anonymous_2)
FNDA:4,(anonymous_3)
DA:4,5
DA:7,8
DA:11,10
DA:15,4
DA:19,1
LF:5
LH:5
BRF:0
BRH:0
end_of_record
TN:
SF:events\stockLevelOkEvent.ts
FN:4,(anonymous_0)
FN:6,(anonymous_1)
FN:10,(anonymous_2)
FNF:3
FNH:3
FNDA:5,(anonymous_0)
FNDA:2,(anonymous_1)
FNDA:4,(anonymous_2)
DA:4,5
DA:7,2
DA:11,4
DA:15,2
LF:4
LH:4
BRF:0
BRH:0
end_of_record
TN:
SF:subscribers\machineRefillSubscriber.ts
FN:10,(anonymous_0)
FN:15,(anonymous_1)
FN:17,(anonymous_2)
FNF:3
FNH:3
FNDA:5,(anonymous_0)
FNDA:10,(anonymous_1)
FNDA:7,(anonymous_2)
DA:2,2
DA:11,5
DA:12,5
DA:15,10
DA:18,7
DA:20,4
DA:21,5
DA:22,4
DA:24,4
DA:25,4
DA:26,4
DA:28,4
DA:34,2
LF:13
LH:13
BRDA:18,0,0,3
BRDA:21,1,0,4
BRDA:28,2,0,2
BRDA:28,3,0,4
BRDA:28,3,1,2
BRDA:28,4,0,0
BRDA:28,4,1,2
BRDA:28,5,0,2
BRDA:28,5,1,2
BRF:9
BRH:8
end_of_record
TN:
SF:subscribers\machineSaleSubscriber.ts
FN:10,(anonymous_0)
FN:15,(anonymous_1)
FN:17,(anonymous_2)
FNF:3
FNH:3
FNDA:10,(anonymous_0)
FNDA:23,(anonymous_1)
FNDA:6,(anonymous_2)
DA:1,2
DA:11,10
DA:12,10
DA:15,23
DA:18,6
DA:20,4
DA:22,5
DA:23,4
DA:24,1
DA:25,1
DA:26,1
DA:29,3
DA:31,3
DA:32,3
DA:33,3
DA:35,3
DA:41,2
LF:17
LH:17
BRDA:18,0,0,2
BRDA:22,1,0,4
BRDA:23,2,0,1
BRDA:25,3,0,0
BRDA:25,3,1,1
BRDA:25,4,0,1
BRDA:25,4,1,1
BRDA:35,5,0,1
BRDA:35,6,0,3
BRDA:35,6,1,2
BRDA:35,7,0,0
BRDA:35,7,1,1
BRDA:35,8,0,1
BRDA:35,8,1,1
BRF:14
BRH:12
end_of_record
TN:
SF:subscribers\machineStockWarningSubscriber.ts
FN:11,(anonymous_0)
FN:16,(anonymous_1)
FN:18,(anonymous_2)
FNF:3
FNH:3
FNDA:3,(anonymous_0)
FNDA:6,(anonymous_1)
FNDA:5,(anonymous_2)
DA:2,1
DA:12,3
DA:13,3
DA:16,6
DA:19,5
DA:20,2
DA:21,2
DA:22,2
DA:24,2
DA:27,2
DA:32,5
DA:33,1
DA:34,1
DA:35,1
DA:37,1
DA:44,1
LF:16
LH:16
BRDA:19,0,0,2
BRDA:21,1,0,2
BRDA:27,2,0,0
BRDA:27,2,1,2
BRDA:27,3,0,2
BRDA:27,3,1,2
BRDA:32,4,0,1
BRDA:34,5,0,1
BRF:8
BRH:7
end_of_record
