TN:
SF:machine.ts
FN:7,(anonymous_0)
FNF:1
FNH:1
FNDA:16,(anonymous_0)
DA:8,16
DA:9,16
DA:10,16
DA:14,4
LF:4
LH:4
BRDA:7,0,0,10
BRDA:10,1,0,2
BRDA:10,1,1,14
BRF:3
BRH:3
end_of_record
TN:
SF:manager.ts
FN:7,(anonymous_0)
FN:12,(anonymous_1)
FN:20,(anonymous_2)
FN:25,(anonymous_3)
FN:30,(anonymous_4)
FNF:5
FNH:5
FNDA:13,(anonymous_0)
FNDA:17,(anonymous_1)
FNDA:14,(anonymous_2)
FNDA:1,(anonymous_3)
FNDA:4,(anonymous_4)
DA:8,13
DA:15,17
DA:16,16
DA:21,14
DA:26,1
DA:31,4
DA:35,4
LF:7
LH:7
BRF:0
BRH:0
end_of_record
TN:
SF:events\lowStockWarningEvent.ts
FN:4,(anonymous_0)
FN:6,(anonymous_1)
FN:10,(anonymous_2)
FNF:3
FNH:3
FNDA:6,(anonymous_0)
FNDA:6,(anonymous_1)
FNDA:6,(anonymous_2)
DA:4,6
DA:7,6
DA:11,6
DA:15,3
LF:4
LH:4
BRF:0
BRH:0
end_of_record
TN:
SF:events\machineRefillEvent.ts
FN:4,(anonymous_0)
FN:6,(anonymous_1)
FN:10,(anonymous_2)
FN:14,(anonymous_3)
FNF:4
FNH:4
FNDA:7,(anonymous_0)
FNDA:9,(anonymous_1)
FNDA:8,(anonymous_2)
FNDA:8,(anonymous_3)
DA:4,7
DA:7,9
DA:11,8
DA:15,8
DA:19,2
LF:5
LH:5
BRF:0
BRH:0
end_of_record
TN:
SF:events\machineSaleEvent.ts
FN:4,(anonymous_0)
FN:6,(anonymous_1)
FN:10,(anonymous_2)
FN:14,(anonymous_3)
FNF:4
FNH:4
FNDA:4,(anonymous_0)
FNDA:7,(anonymous_1)
FNDA:6,(anonymous_2)
FNDA:3,(anonymous_3)
DA:4,4
DA:7,7
DA:11,6
DA:15,3
DA:19,1
LF:5
LH:5
BRF:0
BRH:0
end_of_record
TN:
SF:events\stockLevelOkEvent.ts
FN:4,(anonymous_0)
FN:6,(anonymous_1)
FN:10,(anonymous_2)
FNF:3
FNH:3
FNDA:5,(anonymous_0)
FNDA:2,(anonymous_1)
FNDA:4,(anonymous_2)
DA:4,5
DA:7,2
DA:11,4
DA:15,2
LF:4
LH:4
BRF:0
BRH:0
end_of_record
TN:
SF:subscribers\machineRefillSubscriber.ts
FN:9,(anonymous_0)
FN:13,(anonymous_1)
FNF:2
FNH:2
FNDA:5,(anonymous_0)
FNDA:7,(anonymous_1)
DA:2,2
DA:10,5
DA:14,7
DA:16,4
DA:17,5
DA:18,4
DA:20,4
DA:21,4
DA:22,4
DA:24,4
DA:30,2
LF:11
LH:11
BRDA:14,0,0,3
BRDA:17,1,0,4
BRDA:24,2,0,2
BRDA:24,3,0,4
BRDA:24,3,1,2
BRDA:24,4,0,0
BRDA:24,4,1,2
BRDA:24,5,0,2
BRDA:24,5,1,2
BRF:9
BRH:8
end_of_record
TN:
SF:subscribers\machineSaleSubscriber.ts
FN:9,(anonymous_0)
FN:13,(anonymous_1)
FNF:2
FNH:2
FNDA:5,(anonymous_0)
FNDA:4,(anonymous_1)
DA:1,2
DA:10,5
DA:14,4
DA:16,3
DA:17,4
DA:18,3
DA:20,3
DA:21,3
DA:22,3
DA:24,3
DA:30,2
LF:11
LH:11
BRDA:14,0,0,1
BRDA:17,1,0,3
BRDA:24,2,0,1
BRDA:24,3,0,3
BRDA:24,3,1,2
BRDA:24,4,0,0
BRDA:24,4,1,1
BRDA:24,5,0,1
BRDA:24,5,1,1
BRF:9
BRH:8
end_of_record
TN:
SF:subscribers\machineStockWarningSubscriber.ts
FN:10,(anonymous_0)
FN:14,(anonymous_1)
FNF:2
FNH:2
FNDA:3,(anonymous_0)
FNDA:5,(anonymous_1)
DA:2,1
DA:11,3
DA:15,5
DA:16,2
DA:17,2
DA:18,2
DA:20,2
DA:23,2
DA:28,5
DA:29,1
DA:30,1
DA:31,1
DA:33,1
DA:40,1
LF:14
LH:14
BRDA:15,0,0,2
BRDA:17,1,0,2
BRDA:23,2,0,0
BRDA:23,2,1,2
BRDA:23,3,0,2
BRDA:23,3,1,2
BRDA:28,4,0,1
BRDA:30,5,0,1
BRF:8
BRH:7
end_of_record
